<?xml version="1.0" encoding="UTF-8"?>
<coverage generated="1642441632601" clover="3.2.0">
  <project timestamp="1642441632601" name="All files">
    <metrics statements="18" coveredstatements="17" conditionals="0" coveredconditionals="0" methods="11" coveredmethods="8" elements="29" coveredelements="25" complexity="0" loc="18" ncloc="18" packages="1" files="2" classes="2"/>
    <file name="atividade1.js" path="/Users/vntrehe/curso-testes-automatizados/Aula 2/atividade1.js">
      <metrics statements="10" coveredstatements="10" conditionals="0" coveredconditionals="0" methods="6" coveredmethods="4"/>
      <line num="8" count="1" type="stmt"/>
      <line num="17" count="1" type="stmt"/>
      <line num="18" count="1" type="stmt"/>
      <line num="28" count="1" type="stmt"/>
      <line num="29" count="1" type="stmt"/>
      <line num="30" count="1" type="stmt"/>
      <line num="40" count="1" type="stmt"/>
      <line num="41" count="1" type="stmt"/>
      <line num="42" count="1" type="stmt"/>
      <line num="71" count="1" type="stmt"/>
    </file>
    <file name="atividade1ClassConsumer.js" path="/Users/vntrehe/curso-testes-automatizados/Aula 2/atividade1ClassConsumer.js">
      <metrics statements="8" coveredstatements="7" conditionals="0" coveredconditionals="0" methods="5" coveredmethods="4"/>
      <line num="1" count="1" type="stmt"/>
      <line num="9" count="1" type="stmt"/>
      <line num="11" count="1" type="stmt"/>
      <line num="20" count="1" type="stmt"/>
      <line num="29" count="1" type="stmt"/>
      <line num="39" count="1" type="stmt"/>
      <line num="48" count="0" type="stmt"/>
      <line num="52" count="1" type="stmt"/>
    </file>
  </project>
</coverage>
