<?xml version="1.0" encoding="UTF-8"?>
<coverage generated="1642462325916" clover="3.2.0">
  <project timestamp="1642462325916" name="All files">
    <metrics statements="35" coveredstatements="35" conditionals="2" coveredconditionals="2" methods="12" coveredmethods="12" elements="49" coveredelements="49" complexity="0" loc="35" ncloc="35" packages="1" files="2" classes="2"/>
    <file name="atividade1.js" path="/Users/vntrehe/curso-testes-automatizados/Aula 2/atividade1.js">
      <metrics statements="26" coveredstatements="26" conditionals="2" coveredconditionals="2" methods="6" coveredmethods="6"/>
      <line num="8" count="2" type="stmt"/>
      <line num="17" count="1" type="stmt"/>
      <line num="18" count="1" type="stmt"/>
      <line num="28" count="1" type="stmt"/>
      <line num="29" count="1" type="stmt"/>
      <line num="30" count="1" type="stmt"/>
      <line num="40" count="1" type="stmt"/>
      <line num="41" count="1" type="stmt"/>
      <line num="42" count="1" type="stmt"/>
      <line num="55" count="2" type="stmt"/>
      <line num="57" count="2" type="cond" truecount="2" falsecount="0"/>
      <line num="58" count="1" type="stmt"/>
      <line num="60" count="1" type="stmt"/>
      <line num="61" count="1" type="stmt"/>
      <line num="62" count="1" type="stmt"/>
      <line num="63" count="1" type="stmt"/>
      <line num="64" count="1" type="stmt"/>
      <line num="65" count="1" type="stmt"/>
      <line num="79" count="1" type="stmt"/>
      <line num="80" count="1" type="stmt"/>
      <line num="81" count="1" type="stmt"/>
      <line num="82" count="1" type="stmt"/>
      <line num="84" count="1" type="stmt"/>
      <line num="85" count="1" type="stmt"/>
      <line num="87" count="1" type="stmt"/>
      <line num="92" count="1" type="stmt"/>
    </file>
    <file name="atividade1ClassConsumer.js" path="/Users/vntrehe/curso-testes-automatizados/Aula 2/atividade1ClassConsumer.js">
      <metrics statements="9" coveredstatements="9" conditionals="0" coveredconditionals="0" methods="6" coveredmethods="6"/>
      <line num="1" count="1" type="stmt"/>
      <line num="9" count="2" type="stmt"/>
      <line num="11" count="2" type="stmt"/>
      <line num="20" count="1" type="stmt"/>
      <line num="29" count="1" type="stmt"/>
      <line num="39" count="1" type="stmt"/>
      <line num="47" count="2" type="stmt"/>
      <line num="56" count="1" type="stmt"/>
      <line num="60" count="1" type="stmt"/>
    </file>
  </project>
</coverage>
