{"/Users/vntrehe/curso-testes-automatizados/Aula 2/atividade1.js": {"path":"/Users/vntrehe/curso-testes-automatizados/Aula 2/atividade1.js","statementMap":{"0":{"start":{"line":8,"column":8},"end":{"line":8,"column":29}},"1":{"start":{"line":17,"column":22},"end":{"line":17,"column":42}},"2":{"start":{"line":18,"column":8},"end":{"line":18,"column":20}},"3":{"start":{"line":28,"column":19},"end":{"line":28,"column":39}},"4":{"start":{"line":29,"column":8},"end":{"line":29,"column":30}},"5":{"start":{"line":30,"column":8},"end":{"line":30,"column":37}},"6":{"start":{"line":40,"column":23},"end":{"line":40,"column":44}},"7":{"start":{"line":41,"column":8},"end":{"line":41,"column":57}},"8":{"start":{"line":42,"column":8},"end":{"line":42,"column":24}},"9":{"start":{"line":55,"column":21},"end":{"line":55,"column":23}},"10":{"start":{"line":57,"column":8},"end":{"line":66,"column":9}},"11":{"start":{"line":58,"column":12},"end":{"line":58,"column":25}},"12":{"start":{"line":60,"column":28},"end":{"line":60,"column":50}},"13":{"start":{"line":61,"column":28},"end":{"line":61,"column":46}},"14":{"start":{"line":62,"column":23},"end":{"line":62,"column":50}},"15":{"start":{"line":63,"column":24},"end":{"line":63,"column":67}},"16":{"start":{"line":64,"column":12},"end":{"line":64,"column":34}},"17":{"start":{"line":65,"column":12},"end":{"line":65,"column":26}},"18":{"start":{"line":79,"column":26},"end":{"line":79,"column":46}},"19":{"start":{"line":80,"column":19},"end":{"line":80,"column":46}},"20":{"start":{"line":81,"column":18},"end":{"line":81,"column":20}},"21":{"start":{"line":82,"column":21},"end":{"line":82,"column":23}},"22":{"start":{"line":84,"column":8},"end":{"line":84,"column":37}},"23":{"start":{"line":85,"column":8},"end":{"line":85,"column":32}},"24":{"start":{"line":87,"column":8},"end":{"line":87,"column":21}},"25":{"start":{"line":92,"column":0},"end":{"line":92,"column":37}}},"fnMap":{"0":{"name":"(anonymous_0)","decl":{"start":{"line":7,"column":4},"end":{"line":7,"column":5}},"loc":{"start":{"line":7,"column":24},"end":{"line":9,"column":5}},"line":7},"1":{"name":"(anonymous_1)","decl":{"start":{"line":16,"column":4},"end":{"line":16,"column":5}},"loc":{"start":{"line":16,"column":27},"end":{"line":19,"column":5}},"line":16},"2":{"name":"(anonymous_2)","decl":{"start":{"line":27,"column":4},"end":{"line":27,"column":5}},"loc":{"start":{"line":27,"column":26},"end":{"line":31,"column":5}},"line":27},"3":{"name":"(anonymous_3)","decl":{"start":{"line":39,"column":4},"end":{"line":39,"column":5}},"loc":{"start":{"line":39,"column":46},"end":{"line":44,"column":5}},"line":39},"4":{"name":"(anonymous_4)","decl":{"start":{"line":54,"column":4},"end":{"line":54,"column":5}},"loc":{"start":{"line":54,"column":16},"end":{"line":67,"column":5}},"line":54},"5":{"name":"(anonymous_5)","decl":{"start":{"line":78,"column":4},"end":{"line":78,"column":5}},"loc":{"start":{"line":78,"column":20},"end":{"line":88,"column":5}},"line":78}},"branchMap":{"0":{"loc":{"start":{"line":57,"column":8},"end":{"line":66,"column":9}},"type":"if","locations":[{"start":{"line":57,"column":8},"end":{"line":66,"column":9}},{"start":{"line":59,"column":14},"end":{"line":66,"column":9}}],"line":57}},"s":{"0":2,"1":1,"2":1,"3":1,"4":1,"5":1,"6":1,"7":1,"8":1,"9":2,"10":2,"11":1,"12":1,"13":1,"14":1,"15":1,"16":1,"17":1,"18":1,"19":1,"20":1,"21":1,"22":1,"23":1,"24":1,"25":1},"f":{"0":2,"1":1,"2":1,"3":1,"4":2,"5":1},"b":{"0":[1,1]},"_coverageSchema":"1a1c01bbd47fc00a2c39e90264f33305004495a9","hash":"c2ac3258163e87f18d146ab0606348e907ff198e"}
,"/Users/vntrehe/curso-testes-automatizados/Aula 2/atividade1ClassConsumer.js": {"path":"/Users/vntrehe/curso-testes-automatizados/Aula 2/atividade1ClassConsumer.js","statementMap":{"0":{"start":{"line":1,"column":28},"end":{"line":1,"column":51}},"1":{"start":{"line":9,"column":8},"end":{"line":9,"column":37}},"2":{"start":{"line":11,"column":8},"end":{"line":11,"column":59}},"3":{"start":{"line":20,"column":9},"end":{"line":20,"column":56}},"4":{"start":{"line":29,"column":8},"end":{"line":29,"column":54}},"5":{"start":{"line":39,"column":8},"end":{"line":39,"column":84}},"6":{"start":{"line":47,"column":8},"end":{"line":47,"column":40}},"7":{"start":{"line":56,"column":8},"end":{"line":56,"column":50}},"8":{"start":{"line":60,"column":0},"end":{"line":60,"column":31}}},"fnMap":{"0":{"name":"(anonymous_0)","decl":{"start":{"line":8,"column":5},"end":{"line":8,"column":6}},"loc":{"start":{"line":8,"column":29},"end":{"line":12,"column":6}},"line":8},"1":{"name":"(anonymous_1)","decl":{"start":{"line":19,"column":5},"end":{"line":19,"column":6}},"loc":{"start":{"line":19,"column":36},"end":{"line":21,"column":6}},"line":19},"2":{"name":"(anonymous_2)","decl":{"start":{"line":28,"column":4},"end":{"line":28,"column":5}},"loc":{"start":{"line":28,"column":34},"end":{"line":30,"column":5}},"line":28},"3":{"name":"(anonymous_3)","decl":{"start":{"line":38,"column":4},"end":{"line":38,"column":5}},"loc":{"start":{"line":38,"column":71},"end":{"line":40,"column":5}},"line":38},"4":{"name":"(anonymous_4)","decl":{"start":{"line":46,"column":5},"end":{"line":46,"column":6}},"loc":{"start":{"line":46,"column":26},"end":{"line":48,"column":5}},"line":46},"5":{"name":"(anonymous_5)","decl":{"start":{"line":55,"column":6},"end":{"line":55,"column":7}},"loc":{"start":{"line":55,"column":32},"end":{"line":57,"column":5}},"line":55}},"branchMap":{},"s":{"0":1,"1":2,"2":2,"3":1,"4":1,"5":1,"6":2,"7":1,"8":1},"f":{"0":2,"1":1,"2":1,"3":1,"4":2,"5":1},"b":{},"_coverageSchema":"1a1c01bbd47fc00a2c39e90264f33305004495a9","hash":"66139adcaec29c20790c1ccbacc8434486cc935d"}
}
