TN:
SF:Aula 2/atividade1.js
FN:7,(anonymous_0)
FN:16,(anonymous_1)
FN:27,(anonymous_2)
FN:39,(anonymous_3)
FN:54,(anonymous_4)
FN:78,(anonymous_5)
FNF:6
FNH:6
FNDA:2,(anonymous_0)
FNDA:1,(anonymous_1)
FNDA:1,(anonymous_2)
FNDA:1,(anonymous_3)
FNDA:2,(anonymous_4)
FNDA:1,(anonymous_5)
DA:8,2
DA:17,1
DA:18,1
DA:28,1
DA:29,1
DA:30,1
DA:40,1
DA:41,1
DA:42,1
DA:55,2
DA:57,2
DA:58,1
DA:60,1
DA:61,1
DA:62,1
DA:63,1
DA:64,1
DA:65,1
DA:79,1
DA:80,1
DA:81,1
DA:82,1
DA:84,1
DA:85,1
DA:87,1
DA:92,1
LF:26
LH:26
BRDA:57,0,0,1
BRDA:57,0,1,1
BRF:2
BRH:2
end_of_record
TN:
SF:Aula 2/atividade1ClassConsumer.js
FN:8,(anonymous_0)
FN:19,(anonymous_1)
FN:28,(anonymous_2)
FN:38,(anonymous_3)
FN:46,(anonymous_4)
FN:55,(anonymous_5)
FNF:6
FNH:6
FNDA:2,(anonymous_0)
FNDA:1,(anonymous_1)
FNDA:1,(anonymous_2)
FNDA:1,(anonymous_3)
FNDA:2,(anonymous_4)
FNDA:1,(anonymous_5)
DA:1,1
DA:9,2
DA:11,2
DA:20,1
DA:29,1
DA:39,1
DA:47,2
DA:56,1
DA:60,1
LF:9
LH:9
BRF:0
BRH:0
end_of_record
